
Showing logs for build [32mcb-kubecd-environment-pr-170-13-n8cwn-2[0m stage [32mfrom-build-pack[0m and container [32mstep-credential-initializer-pcgt6[0m
{"level":"warn","ts":1583181043.1456754,"logger":"fallback-logger","caller":"logging/config.go:69","msg":"Fetch GitHub commit ID from kodata failed: \"ref: refs/heads/0.8.0-**-support-backwards-incompats\" is not a valid GitHub commit ID"}
{"level":"info","ts":1583181043.1463995,"logger":"fallback-logger","caller":"creds-init/main.go:40","msg":"Credentials initialized."}

Showing logs for build [32mcb-kubecd-environment-pr-170-13-n8cwn-2[0m stage [32mfrom-build-pack[0m and container [32mstep-working-dir-initializer-sf7h7[0m
{"level":"warn","ts":1583181044.2698274,"logger":"fallback-logger","caller":"logging/config.go:69","msg":"Fetch GitHub commit ID from kodata failed: open /var/run/ko/HEAD: no such file or directory"}
{"level":"info","ts":1583181044.2713914,"logger":"fallback-logger","caller":"bash/main.go:64","msg":"Successfully executed command \"sh -c mkdir -p /workspace/source\"; output "}

Showing logs for build [32mcb-kubecd-environment-pr-170-13-n8cwn-2[0m stage [32mfrom-build-pack[0m and container [32mstep-place-tools[0m

Showing logs for build [32mcb-kubecd-environment-pr-170-13-n8cwn-2[0m stage [32mfrom-build-pack[0m and container [32mstep-git-source-cb-kubecd-environment-pr-170-13-n8cwn-n55r2[0m
{"level":"warn","ts":1583181072.3227777,"logger":"fallback-logger","caller":"logging/config.go:69","msg":"Fetch GitHub commit ID from kodata failed: \"ref: refs/heads/0.8.0-**-support-backwards-incompats\" is not a valid GitHub commit ID"}
{"level":"info","ts":1583181073.3753257,"logger":"fallback-logger","caller":"git/git.go:103","msg":"Successfully cloned https://github.com/cb-kubecd/environment-pr-170-133-boot-gke-staging.git @ master in path /workspace/source"}

Showing logs for build [32mcb-kubecd-environment-pr-170-13-n8cwn-2[0m stage [32mfrom-build-pack[0m and container [32mstep-git-merge[0m
Using SHAs from PULL_REFS=master:57252303839e78115c7f27f62f4522b2d6376406,1:9abcfc866f357ee9189e43c4b19552d70d6a2430
DEBUG: LC_ALL=C JX_LOG_LEVEL=error git fetch origin --unshallow 9abcfc866f357ee9189e43c4b19552d70d6a2430: 57252303839e78115c7f27f62f4522b2d6376406:
DEBUG: ran git fetch --unshallow origin 9abcfc866f357ee9189e43c4b19552d70d6a2430: 57252303839e78115c7f27f62f4522b2d6376406: in 
DEBUG: JX_LOG_LEVEL=error LC_ALL=C git branch
DEBUG: LC_ALL=C JX_LOG_LEVEL=error git checkout master
DEBUG: ran git checkout master in 
DEBUG: JX_LOG_LEVEL=error LC_ALL=C git reset --hard 57252303839e78115c7f27f62f4522b2d6376406
DEBUG: ran git reset --hard 57252303839e78115c7f27f62f4522b2d6376406 in 
DEBUG: LC_ALL=C JX_LOG_LEVEL=error git clean -fd .
DEBUG: ran clean --force -d . in 
DEBUG: LC_ALL=C JX_LOG_LEVEL=error git merge 9abcfc866f357ee9189e43c4b19552d70d6a2430
DEBUG: ran git merge 9abcfc866f357ee9189e43c4b19552d70d6a2430 in 
DEBUG: LC_ALL=C JX_LOG_LEVEL=error git log --format=%H%x1f%an%x1f%ae%x1f%cn%x1f%ce%x1f%s%n%b%x1e 57252303839e78115c7f27f62f4522b2d6376406..HEAD
Merged SHA 9abcfc866f357ee9189e43c4b19552d70d6a2430 with commit message 'chore: Promote bdd-spring-1583180759 to version 0.0.1' into base branch master

Showing logs for build [32mcb-kubecd-environment-pr-170-13-n8cwn-2[0m stage [32mfrom-build-pack[0m and container [32mstep-build-helm-build[0m
WARNING: No $CHART_REPOSITORY defined so using the default value of: http://jenkins-x-chartmuseum:8080
Adding missing Helm repo: storage.googleapis.com https://storage.googleapis.com/chartmuseum.jenkins-x.io
WARNING: No secrets found on "helm/repos" due: reading the secret "helm/repos" from vault: no secret "helm/repos" not found in vault
Read credentials for https://storage.googleapis.com/chartmuseum.jenkins-x.io from vault helm/repos
Successfully added Helm repository storage.googleapis.com.
Adding missing Helm repo: jenkins-x-chartmuseum http://jenkins-x-chartmuseum:8080
WARNING: No secrets found on "helm/repos" due: reading the secret "helm/repos" from vault: no secret "helm/repos" not found in vault
Read credentials for http://jenkins-x-chartmuseum:8080 from vault helm/repos
Successfully added Helm repository jenkins-x-chartmuseum.
WARNING: No $CHART_REPOSITORY defined so using the default value of: http://jenkins-x-chartmuseum:8080
Adding missing Helm repo: chartmuseum.jenkins-x.io http://chartmuseum.jenkins-x.io
WARNING: No secrets found on "helm/repos" due: reading the secret "helm/repos" from vault: no secret "helm/repos" not found in vault
Read credentials for http://chartmuseum.jenkins-x.io from vault helm/repos
Successfully added Helm repository chartmuseum.jenkins-x.io.
